#-----------------------------------------------------------
# Vivado v2022.1 (64-bit)
# SW Build 3526262 on Mon Apr 18 15:48:16 MDT 2022
# IP Build 3524634 on Mon Apr 18 20:55:01 MDT 2022
# Start of session at: Thu Feb  5 12:29:11 2026
# Process ID: 39296
# Current directory: C:/Users/jhdec/OneDrive/πŸ≈¡ »≠∏È/2025-2/Digtal System/Term_project
# Command line: vivado.exe -gui_launcher_event rodinguilauncherevent13612 C:\Users\jhdec\OneDrive\πŸ≈¡ »≠∏È\2025-2\Digtal System\Term_project\Term_project.xpr
# Log file: C:/Users/jhdec/OneDrive/πŸ≈¡ »≠∏È/2025-2/Digtal System/Term_project/vivado.log
# Journal file: C:/Users/jhdec/OneDrive/πŸ≈¡ »≠∏È/2025-2/Digtal System/Term_project\vivado.jou
# Running On: Stophoon, OS: Windows, CPU Frequency: 2419 MHz, CPU Physical cores: 4, Host memory: 8247 MB
#-----------------------------------------------------------
start_gui
open_project {C:/Users/jhdec/OneDrive/πŸ≈¡ »≠∏È/2025-2/Digtal System/Term_project/Term_project.xpr}
WARNING: [Board 49-26] cannot add Board Part xilinx.com:vpk120_es:part0:1.2 available at D:/Xilinx/Vivado/2022.1/data/xhub/boards/XilinxBoardStore/boards/Xilinx/vpk120/es/1.2/board.xml as part xcvp1202-vsva2785-2mp-e-s-es1 specified in board_part file is either invalid or not available
WARNING: [Board 49-26] cannot add Board Part xilinx.com:vpk120_es_revb:part0:1.0 available at D:/Xilinx/Vivado/2022.1/data/xhub/boards/XilinxBoardStore/boards/Xilinx/vpk120_revb/es/1.0/board.xml as part xcvp1202-vsva2785-2mp-e-s-es1 specified in board_part file is either invalid or not available
WARNING: [Board 49-26] cannot add Board Part xilinx.com:zcu208ld:part0:2.0 available at D:/Xilinx/Vivado/2022.1/data/xhub/boards/XilinxBoardStore/boards/Xilinx/zcu208ld/production/2.0/board.xml as part xczu58dr-fsvg1517-2-i specified in board_part file is either invalid or not available
WARNING: [Board 49-26] cannot add Board Part xilinx.com:zcu216ld:part0:2.0 available at D:/Xilinx/Vivado/2022.1/data/xhub/boards/XilinxBoardStore/boards/Xilinx/zcu216ld/production/2.0/board.xml as part xczu59dr-ffvf1760-2-i specified in board_part file is either invalid or not available
WARNING: [Board 49-26] cannot add Board Part xilinx.com:zcu670:part0:2.0 available at D:/Xilinx/Vivado/2022.1/data/xhub/boards/XilinxBoardStore/boards/Xilinx/zcu670/2.0/board.xml as part xczu67dr-fsve1156-2-i specified in board_part file is either invalid or not available
WARNING: [Board 49-26] cannot add Board Part xilinx.com:zcu670ld:part0:1.0 available at D:/Xilinx/Vivado/2022.1/data/xhub/boards/XilinxBoardStore/boards/Xilinx/zcu670ld/1.0/board.xml as part xczu57dr-fsve1156-2-i specified in board_part file is either invalid or not available
INFO: [Project 1-313] Project file moved from 'D:/Term_project' since last save.
INFO: [filemgmt 56-2] Default IP Output Path : Could not find the directory 'C:/Users/jhdec/OneDrive/πŸ≈¡ »≠∏È/2025-2/Digtal System/Term_project/Term_project.gen/sources_1', nor could it be found using path 'D:/Term_project/Term_project.gen/sources_1'.
CRITICAL WARNING: [Project 1-505] Unrecognized Option Name SimCompileState
CRITICAL WARNING: [Project 1-505] Unrecognized Option Name UseInlineHdlIP
ERROR: [Project 1-208] No val for DA Elab Attr
ERROR: [Project 1-208] No val for DA Elab Attr
ERROR: [Project 1-208] No val for DA Elab Attr
ERROR: [Project 1-208] No val for DA Elab Attr
ERROR: [Runs 36-378] The checkpoint 'C:/Users/jhdec/OneDrive/πŸ≈¡ »≠∏È/2025-2/Digtal System/Term_project/Term_project.srcs/utils_1/imports/synth_1/basketball_top.dcp' was created with 'Vivado v2025.1 (64-bit)', and cannot be opened in this version.
open_project {C:/Users/jhdec/OneDrive/πŸ≈¡ »≠∏È/2025-2/Digtal System/Term_project/Term_project.xpr}
INFO: [Project 1-313] Project file moved from 'D:/Term_project' since last save.
INFO: [filemgmt 56-2] Default IP Output Path : Could not find the directory 'C:/Users/jhdec/OneDrive/πŸ≈¡ »≠∏È/2025-2/Digtal System/Term_project/Term_project.gen/sources_1', nor could it be found using path 'D:/Term_project/Term_project.gen/sources_1'.
CRITICAL WARNING: [Project 1-505] Unrecognized Option Name SimCompileState
CRITICAL WARNING: [Project 1-505] Unrecognized Option Name UseInlineHdlIP
ERROR: [Project 1-208] No val for DA Elab Attr
ERROR: [Project 1-208] No val for DA Elab Attr
ERROR: [Project 1-208] No val for DA Elab Attr
ERROR: [Project 1-208] No val for DA Elab Attr
ERROR: [Runs 36-378] The checkpoint 'C:/Users/jhdec/OneDrive/πŸ≈¡ »≠∏È/2025-2/Digtal System/Term_project/Term_project.srcs/utils_1/imports/synth_1/basketball_top.dcp' was created with 'Vivado v2025.1 (64-bit)', and cannot be opened in this version.
open_project {C:/Users/jhdec/OneDrive/πŸ≈¡ »≠∏È/2025-2/Digtal System/Term_project/Term_project.xpr}
INFO: [Project 1-313] Project file moved from 'D:/Term_project' since last save.
INFO: [filemgmt 56-2] Default IP Output Path : Could not find the directory 'C:/Users/jhdec/OneDrive/πŸ≈¡ »≠∏È/2025-2/Digtal System/Term_project/Term_project.gen/sources_1', nor could it be found using path 'D:/Term_project/Term_project.gen/sources_1'.
CRITICAL WARNING: [Project 1-505] Unrecognized Option Name SimCompileState
CRITICAL WARNING: [Project 1-505] Unrecognized Option Name UseInlineHdlIP
ERROR: [Project 1-208] No val for DA Elab Attr
ERROR: [Project 1-208] No val for DA Elab Attr
ERROR: [Project 1-208] No val for DA Elab Attr
ERROR: [Project 1-208] No val for DA Elab Attr
ERROR: [Runs 36-378] The checkpoint 'C:/Users/jhdec/OneDrive/πŸ≈¡ »≠∏È/2025-2/Digtal System/Term_project/Term_project.srcs/utils_1/imports/synth_1/basketball_top.dcp' was created with 'Vivado v2025.1 (64-bit)', and cannot be opened in this version.
exit
INFO: [Common 17-206] Exiting Vivado at Thu Feb  5 12:37:55 2026...
