
*** Running vivado
    with args -log basketball_top.vdi -applog -m64 -product Vivado -messageDb vivado.pb -mode batch -source basketball_top.tcl -notrace



****** Vivado v2025.1 (64-bit)
  **** SW Build 6140274 on Thu May 22 00:12:29 MDT 2025
  **** IP Build 6138677 on Thu May 22 03:10:11 MDT 2025
  **** SharedData Build 6139179 on Tue May 20 17:58:58 MDT 2025
  **** Start of session at: Fri Nov 28 16:10:25 2025
    ** Copyright 1986-2022 Xilinx, Inc. All Rights Reserved.
    ** Copyright 2022-2025 Advanced Micro Devices, Inc. All Rights Reserved.

source basketball_top.tcl -notrace
create_project: Time (s): cpu = 00:00:12 ; elapsed = 00:00:10 . Memory (MB): peak = 492.453 ; gain = 213.113
Command: link_design -top basketball_top -part xc7a75tfgg484-1
Design is defaulting to srcset: sources_1
Design is defaulting to constrset: constrs_1
INFO: [Device 21-403] Loading part xc7a75tfgg484-1
Netlist sorting complete. Time (s): cpu = 00:00:00 ; elapsed = 00:00:00.011 . Memory (MB): peak = 716.469 ; gain = 0.000
INFO: [Netlist 29-17] Analyzing 128 Unisim elements for replacement
INFO: [Netlist 29-28] Unisim Transformation completed in 0 CPU seconds
INFO: [Project 1-479] Netlist was created with Vivado 2025.1
INFO: [Project 1-570] Preparing netlist for logic optimization
Parsing XDC File [D:/Term_project/Term_project.srcs/constrs_1/new/basketball.xdc]
Finished Parsing XDC File [D:/Term_project/Term_project.srcs/constrs_1/new/basketball.xdc]
INFO: [Opt 31-138] Pushed 0 inverter(s) to 0 load pin(s).
Netlist sorting complete. Time (s): cpu = 00:00:00 ; elapsed = 00:00:00 . Memory (MB): peak = 849.797 ; gain = 0.000
INFO: [Project 1-111] Unisim Transformation Summary:
No Unisim elements were transformed.

7 Infos, 0 Warnings, 0 Critical Warnings and 0 Errors encountered.
link_design completed successfully
link_design: Time (s): cpu = 00:00:06 ; elapsed = 00:00:09 . Memory (MB): peak = 849.797 ; gain = 357.344
Command: opt_design
Attempting to get a license for feature 'Implementation' and/or device 'xc7a75t'
INFO: [Common 17-349] Got license for feature 'Implementation' and/or device 'xc7a75t'
Running DRC as a precondition to command opt_design

Starting DRC Task
INFO: [DRC 23-27] Running DRC with 2 threads
INFO: [Project 1-461] DRC finished with 0 Errors
INFO: [Project 1-462] Please refer to the DRC report (report_drc) for more information.

Time (s): cpu = 00:00:03 ; elapsed = 00:00:02 . Memory (MB): peak = 889.277 ; gain = 39.480

Starting Cache Timing Information Task
INFO: [Timing 38-35] Done setting XDC timing constraints.
Ending Cache Timing Information Task | Checksum: 1e77a7d03

Time (s): cpu = 00:00:09 ; elapsed = 00:00:11 . Memory (MB): peak = 1380.523 ; gain = 491.246

Starting Logic Optimization Task

Phase 1 Initialization

Phase 1.1 Core Generation And Design Setup
Phase 1.1 Core Generation And Design Setup | Checksum: 1e77a7d03

Time (s): cpu = 00:00:00 ; elapsed = 00:00:00.011 . Memory (MB): peak = 1815.734 ; gain = 0.000

Phase 1.2 Setup Constraints And Sort Netlist
Phase 1.2 Setup Constraints And Sort Netlist | Checksum: 1e77a7d03

Time (s): cpu = 00:00:00 ; elapsed = 00:00:00.018 . Memory (MB): peak = 1815.734 ; gain = 0.000
Phase 1 Initialization | Checksum: 1e77a7d03

Time (s): cpu = 00:00:00 ; elapsed = 00:00:00.019 . Memory (MB): peak = 1815.734 ; gain = 0.000

Phase 2 Timer Update And Timing Data Collection

Phase 2.1 Timer Update
Phase 2.1 Timer Update | Checksum: 1e77a7d03

Time (s): cpu = 00:00:00 ; elapsed = 00:00:00.086 . Memory (MB): peak = 1815.734 ; gain = 0.000

Phase 2.2 Timing Data Collection
Phase 2.2 Timing Data Collection | Checksum: 1e77a7d03

Time (s): cpu = 00:00:00 ; elapsed = 00:00:00.106 . Memory (MB): peak = 1815.734 ; gain = 0.000
Phase 2 Timer Update And Timing Data Collection | Checksum: 1e77a7d03

Time (s): cpu = 00:00:00 ; elapsed = 00:00:00.107 . Memory (MB): peak = 1815.734 ; gain = 0.000

Phase 3 Retarget
INFO: [Opt 31-1851] Number of loadless carry chains removed were: 0
INFO: [Opt 31-1834] Total Chains To Be Transformed Were: 0 AND Number of Transformed insts Created are: 0
INFO: [Opt 31-138] Pushed 0 inverter(s) to 0 load pin(s).
INFO: [Opt 31-49] Retargeted 0 cell(s).
Phase 3 Retarget | Checksum: 1e77a7d03

Time (s): cpu = 00:00:00 ; elapsed = 00:00:00.167 . Memory (MB): peak = 1815.734 ; gain = 0.000
Retarget | Checksum: 1e77a7d03
INFO: [Opt 31-389] Phase Retarget created 0 cells and removed 0 cells

Phase 4 Constant propagation
INFO: [Opt 31-138] Pushed 0 inverter(s) to 0 load pin(s).
Phase 4 Constant propagation | Checksum: 1e77a7d03

Time (s): cpu = 00:00:00 ; elapsed = 00:00:00.188 . Memory (MB): peak = 1815.734 ; gain = 0.000
Constant propagation | Checksum: 1e77a7d03
INFO: [Opt 31-389] Phase Constant propagation created 0 cells and removed 0 cells

Phase 5 Sweep
INFO: [Constraints 18-11670] Building netlist checker database with flags, 0x8
Done building netlist checker database: Time (s): cpu = 00:00:00 ; elapsed = 00:00:00.001 . Memory (MB): peak = 1815.734 ; gain = 0.000
Phase 5 Sweep | Checksum: 156d83714

Time (s): cpu = 00:00:00 ; elapsed = 00:00:00.252 . Memory (MB): peak = 1815.734 ; gain = 0.000
Sweep | Checksum: 156d83714
INFO: [Opt 31-389] Phase Sweep created 0 cells and removed 0 cells

Phase 6 BUFG optimization
Phase 6 BUFG optimization | Checksum: 156d83714

Time (s): cpu = 00:00:00 ; elapsed = 00:00:00.284 . Memory (MB): peak = 1815.734 ; gain = 0.000
BUFG optimization | Checksum: 156d83714
INFO: [Opt 31-662] Phase BUFG optimization created 0 cells of which 0 are BUFGs and removed 0 cells.

Phase 7 Shift Register Optimization
INFO: [Opt 31-1064] SRL Remap converted 0 SRLs to 0 registers and converted 0 registers of register chains to 0 SRLs
Phase 7 Shift Register Optimization | Checksum: 156d83714

Time (s): cpu = 00:00:00 ; elapsed = 00:00:00.290 . Memory (MB): peak = 1815.734 ; gain = 0.000
Shift Register Optimization | Checksum: 156d83714
INFO: [Opt 31-389] Phase Shift Register Optimization created 0 cells and removed 0 cells

Phase 8 Post Processing Netlist
Phase 8 Post Processing Netlist | Checksum: 156d83714

Time (s): cpu = 00:00:00 ; elapsed = 00:00:00.296 . Memory (MB): peak = 1815.734 ; gain = 0.000
Post Processing Netlist | Checksum: 156d83714
INFO: [Opt 31-389] Phase Post Processing Netlist created 0 cells and removed 0 cells

Phase 9 Finalization

Phase 9.1 Finalizing Design Cores and Updating Shapes
Phase 9.1 Finalizing Design Cores and Updating Shapes | Checksum: ff54b67e

Time (s): cpu = 00:00:00 ; elapsed = 00:00:00.395 . Memory (MB): peak = 1815.734 ; gain = 0.000

Phase 9.2 Verifying Netlist Connectivity

Starting Connectivity Check Task

Time (s): cpu = 00:00:00 ; elapsed = 00:00:00.016 . Memory (MB): peak = 1815.734 ; gain = 0.000
Phase 9.2 Verifying Netlist Connectivity | Checksum: ff54b67e

Time (s): cpu = 00:00:00 ; elapsed = 00:00:00.413 . Memory (MB): peak = 1815.734 ; gain = 0.000
Phase 9 Finalization | Checksum: ff54b67e

Time (s): cpu = 00:00:00 ; elapsed = 00:00:00.414 . Memory (MB): peak = 1815.734 ; gain = 0.000
Opt_design Change Summary
=========================


-------------------------------------------------------------------------------------------------------------------------
|  Phase                        |  #Cells created  |  #Cells Removed  |  #Constrained objects preventing optimizations  |
-------------------------------------------------------------------------------------------------------------------------
|  Retarget                     |               0  |               0  |                                              0  |
|  Constant propagation         |               0  |               0  |                                              0  |
|  Sweep                        |               0  |               0  |                                              0  |
|  BUFG optimization            |               0  |               0  |                                              0  |
|  Shift Register Optimization  |               0  |               0  |                                              0  |
|  Post Processing Netlist      |               0  |               0  |                                              0  |
-------------------------------------------------------------------------------------------------------------------------


Ending Logic Optimization Task | Checksum: ff54b67e

Time (s): cpu = 00:00:00 ; elapsed = 00:00:00.418 . Memory (MB): peak = 1815.734 ; gain = 0.000

Starting Power Optimization Task
INFO: [Pwropt 34-132] Skipping clock gating for clocks with a period < 2.00 ns.
Ending Power Optimization Task | Checksum: ff54b67e

Time (s): cpu = 00:00:00 ; elapsed = 00:00:00.020 . Memory (MB): peak = 1815.734 ; gain = 0.000

Starting Final Cleanup Task
Ending Final Cleanup Task | Checksum: ff54b67e

Time (s): cpu = 00:00:00 ; elapsed = 00:00:00 . Memory (MB): peak = 1815.734 ; gain = 0.000

Starting Netlist Obfuscation Task
Netlist sorting complete. Time (s): cpu = 00:00:00 ; elapsed = 00:00:00.001 . Memory (MB): peak = 1815.734 ; gain = 0.000
Ending Netlist Obfuscation Task | Checksum: ff54b67e

Time (s): cpu = 00:00:00 ; elapsed = 00:00:00.002 . Memory (MB): peak = 1815.734 ; gain = 0.000
INFO: [Common 17-83] Releasing license: Implementation
27 Infos, 0 Warnings, 0 Critical Warnings and 0 Errors encountered.
opt_design completed successfully
opt_design: Time (s): cpu = 00:00:18 ; elapsed = 00:00:20 . Memory (MB): peak = 1815.734 ; gain = 965.938
INFO: [Vivado 12-24828] Executing command : report_drc -file basketball_top_drc_opted.rpt -pb basketball_top_drc_opted.pb -rpx basketball_top_drc_opted.rpx
Command: report_drc -file basketball_top_drc_opted.rpt -pb basketball_top_drc_opted.pb -rpx basketball_top_drc_opted.rpx
INFO: [IP_Flow 19-234] Refreshing IP repositories
INFO: [IP_Flow 19-1704] No user IP repositories specified
INFO: [IP_Flow 19-2313] Loaded Vivado IP repository 'C:/Xilinx/2025.1/Vivado/data/ip'.
INFO: [DRC 23-27] Running DRC with 2 threads
INFO: [Vivado_Tcl 2-168] The results of DRC are in file D:/Term_project/Term_project.runs/impl_1/basketball_top_drc_opted.rpt.
report_drc completed successfully
INFO: [Timing 38-480] Writing timing data to binary archive.
Wrote PlaceDB: Time (s): cpu = 00:00:00 ; elapsed = 00:00:00.013 . Memory (MB): peak = 1815.734 ; gain = 0.000
Write ShapeDB Complete: Time (s): cpu = 00:00:00 ; elapsed = 00:00:00.024 . Memory (MB): peak = 1815.734 ; gain = 0.000
Wrote PulsedLatchDB: Time (s): cpu = 00:00:00 ; elapsed = 00:00:00.002 . Memory (MB): peak = 1815.734 ; gain = 0.000
Writing XDEF routing.
Writing XDEF routing logical nets.
Writing XDEF routing special nets.
Wrote RouteStorage: Time (s): cpu = 00:00:00 ; elapsed = 00:00:00.049 . Memory (MB): peak = 1815.734 ; gain = 0.000
Wrote Netlist Cache: Time (s): cpu = 00:00:00 ; elapsed = 00:00:00.001 . Memory (MB): peak = 1815.734 ; gain = 0.000
Wrote Device Cache: Time (s): cpu = 00:00:00 ; elapsed = 00:00:00.019 . Memory (MB): peak = 1815.734 ; gain = 0.000
Write Physdb Complete: Time (s): cpu = 00:00:00 ; elapsed = 00:00:00.108 . Memory (MB): peak = 1815.734 ; gain = 0.000
INFO: [Common 17-1381] The checkpoint 'D:/Term_project/Term_project.runs/impl_1/basketball_top_opt.dcp' has been generated.
Command: place_design
Attempting to get a license for feature 'Implementation' and/or device 'xc7a75t'
INFO: [Common 17-349] Got license for feature 'Implementation' and/or device 'xc7a75t'
INFO: [Common 17-83] Releasing license: Implementation
INFO: [DRC 23-27] Running DRC with 2 threads
INFO: [Vivado_Tcl 4-198] DRC finished with 0 Errors
INFO: [Vivado_Tcl 4-199] Please refer to the DRC report (report_drc) for more information.
Running DRC as a precondition to command place_design
INFO: [DRC 23-27] Running DRC with 2 threads
INFO: [Vivado_Tcl 4-198] DRC finished with 0 Errors
INFO: [Vivado_Tcl 4-199] Please refer to the DRC report (report_drc) for more information.
INFO: [Place 30-611] Multithreading enabled for place_design using a maximum of 2 CPUs

Starting Placer Task

Phase 1 Placer Initialization

Phase 1.1 Placer Initialization Netlist Sorting
Netlist sorting complete. Time (s): cpu = 00:00:00 ; elapsed = 00:00:00.001 . Memory (MB): peak = 1815.734 ; gain = 0.000
Phase 1.1 Placer Initialization Netlist Sorting | Checksum: b3ccfacf

Time (s): cpu = 00:00:00 ; elapsed = 00:00:00.011 . Memory (MB): peak = 1815.734 ; gain = 0.000
Netlist sorting complete. Time (s): cpu = 00:00:00 ; elapsed = 00:00:00.002 . Memory (MB): peak = 1815.734 ; gain = 0.000

Phase 1.2 IO Placement/ Clock Placement/ Build Placer Device
INFO: [Timing 38-35] Done setting XDC timing constraints.
Phase 1.2 IO Placement/ Clock Placement/ Build Placer Device | Checksum: 15d32f5bb

Time (s): cpu = 00:00:01 ; elapsed = 00:00:00.526 . Memory (MB): peak = 1815.734 ; gain = 0.000

Phase 1.3 Build Placer Netlist Model
Phase 1.3 Build Placer Netlist Model | Checksum: 241f8ab90

Time (s): cpu = 00:00:02 ; elapsed = 00:00:01 . Memory (MB): peak = 1815.734 ; gain = 0.000

Phase 1.4 Constrain Clocks/Macros
Phase 1.4 Constrain Clocks/Macros | Checksum: 241f8ab90

Time (s): cpu = 00:00:02 ; elapsed = 00:00:01 . Memory (MB): peak = 1815.734 ; gain = 0.000
Phase 1 Placer Initialization | Checksum: 241f8ab90

Time (s): cpu = 00:00:02 ; elapsed = 00:00:01 . Memory (MB): peak = 1815.734 ; gain = 0.000

Phase 2 Global Placement

Phase 2.1 Floorplanning
Phase 2.1 Floorplanning | Checksum: 2166575b8

Time (s): cpu = 00:00:02 ; elapsed = 00:00:01 . Memory (MB): peak = 1815.734 ; gain = 0.000

Phase 2.2 Update Timing before SLR Path Opt
Phase 2.2 Update Timing before SLR Path Opt | Checksum: 16a4730e2

Time (s): cpu = 00:00:02 ; elapsed = 00:00:01 . Memory (MB): peak = 1815.734 ; gain = 0.000

Phase 2.3 Post-Processing in Floorplanning
Phase 2.3 Post-Processing in Floorplanning | Checksum: 16a4730e2

Time (s): cpu = 00:00:02 ; elapsed = 00:00:01 . Memory (MB): peak = 1815.734 ; gain = 0.000

Phase 2.4 Global Place Phase1
Phase 2.4 Global Place Phase1 | Checksum: 1ccd2ec01

Time (s): cpu = 00:00:04 ; elapsed = 00:00:02 . Memory (MB): peak = 1815.734 ; gain = 0.000

Phase 2.5 Global Place Phase2

Phase 2.5.1 UpdateTiming Before Physical Synthesis
Phase 2.5.1 UpdateTiming Before Physical Synthesis | Checksum: fff911b8

Time (s): cpu = 00:00:04 ; elapsed = 00:00:03 . Memory (MB): peak = 1815.734 ; gain = 0.000

Phase 2.5.2 Physical Synthesis In Placer
INFO: [Physopt 32-1035] Found 0 LUTNM shape to break, 17 LUT instances to create LUTNM shape
INFO: [Physopt 32-1044] Break lutnm for timing: one critical 0, two critical 0, total 0, new lutff created 0
INFO: [Physopt 32-1138] End 1 Pass. Optimized 8 nets or LUTs. Breaked 0 LUT, combined 8 existing LUTs and moved 0 existing LUT
INFO: [Physopt 32-65] No nets found for high-fanout optimization.
INFO: [Physopt 32-232] Optimized 0 net. Created 0 new instance.
INFO: [Physopt 32-775] End 1 Pass. Optimized 0 net or cell. Created 0 new cell, deleted 0 existing cell and moved 0 existing cell
INFO: [Physopt 32-670] No setup violation found.  DSP Register Optimization was not performed.
INFO: [Physopt 32-670] No setup violation found.  Shift Register to Pipeline Optimization was not performed.
INFO: [Physopt 32-670] No setup violation found.  Shift Register Optimization was not performed.
INFO: [Physopt 32-670] No setup violation found.  BRAM Register Optimization was not performed.
INFO: [Physopt 32-670] No setup violation found.  URAM Register Optimization was not performed.
INFO: [Physopt 32-949] No candidate nets found for dynamic/static region interface net replication
INFO: [Physopt 32-775] End 1 Pass. Optimized 0 net or cell. Created 0 new cell, deleted 0 existing cell and moved 0 existing cell
Netlist sorting complete. Time (s): cpu = 00:00:00 ; elapsed = 00:00:00.001 . Memory (MB): peak = 1815.734 ; gain = 0.000

Summary of Physical Synthesis Optimizations
============================================


-----------------------------------------------------------------------------------------------------------------------------------------------------------
|  Optimization                                     |  Added Cells  |  Removed Cells  |  Optimized Cells/Nets  |  Dont Touch  |  Iterations  |  Elapsed   |
-----------------------------------------------------------------------------------------------------------------------------------------------------------
|  LUT Combining                                    |            0  |              8  |                     8  |           0  |           1  |  00:00:00  |
|  Retime                                           |            0  |              0  |                     0  |           0  |           1  |  00:00:00  |
|  Very High Fanout                                 |            0  |              0  |                     0  |           0  |           1  |  00:00:00  |
|  DSP Register                                     |            0  |              0  |                     0  |           0  |           0  |  00:00:00  |
|  Shift Register to Pipeline                       |            0  |              0  |                     0  |           0  |           0  |  00:00:00  |
|  Shift Register                                   |            0  |              0  |                     0  |           0  |           0  |  00:00:00  |
|  BRAM Register                                    |            0  |              0  |                     0  |           0  |           0  |  00:00:00  |
|  URAM Register                                    |            0  |              0  |                     0  |           0  |           0  |  00:00:00  |
|  Dynamic/Static Region Interface Net Replication  |            0  |              0  |                     0  |           0  |           1  |  00:00:00  |
|  Total                                            |            0  |              8  |                     8  |           0  |           4  |  00:00:00  |
-----------------------------------------------------------------------------------------------------------------------------------------------------------


Phase 2.5.2 Physical Synthesis In Placer | Checksum: 196f4572d

Time (s): cpu = 00:00:04 ; elapsed = 00:00:03 . Memory (MB): peak = 1815.734 ; gain = 0.000
Phase 2.5 Global Place Phase2 | Checksum: 15c219922

Time (s): cpu = 00:00:05 ; elapsed = 00:00:03 . Memory (MB): peak = 1815.734 ; gain = 0.000
Phase 2 Global Placement | Checksum: 15c219922

Time (s): cpu = 00:00:05 ; elapsed = 00:00:03 . Memory (MB): peak = 1815.734 ; gain = 0.000

Phase 3 Detail Placement

Phase 3.1 Commit Multi Column Macros
Phase 3.1 Commit Multi Column Macros | Checksum: 13c0486a3

Time (s): cpu = 00:00:05 ; elapsed = 00:00:03 . Memory (MB): peak = 1815.734 ; gain = 0.000

Phase 3.2 Commit Most Macros & LUTRAMs
Phase 3.2 Commit Most Macros & LUTRAMs | Checksum: 251e2a65c

Time (s): cpu = 00:00:05 ; elapsed = 00:00:03 . Memory (MB): peak = 1815.734 ; gain = 0.000

Phase 3.3 Area Swap Optimization
Phase 3.3 Area Swap Optimization | Checksum: 1d63c842e

Time (s): cpu = 00:00:05 ; elapsed = 00:00:03 . Memory (MB): peak = 1815.734 ; gain = 0.000

Phase 3.4 Pipeline Register Optimization
Phase 3.4 Pipeline Register Optimization | Checksum: 1c108bff3

Time (s): cpu = 00:00:05 ; elapsed = 00:00:03 . Memory (MB): peak = 1815.734 ; gain = 0.000

Phase 3.5 Small Shape Detail Placement
Phase 3.5 Small Shape Detail Placement | Checksum: 119433fe1

Time (s): cpu = 00:00:05 ; elapsed = 00:00:04 . Memory (MB): peak = 1815.734 ; gain = 0.000

Phase 3.6 Re-assign LUT pins
Phase 3.6 Re-assign LUT pins | Checksum: 1cc979358

Time (s): cpu = 00:00:06 ; elapsed = 00:00:04 . Memory (MB): peak = 1815.734 ; gain = 0.000

Phase 3.7 Pipeline Register Optimization
Phase 3.7 Pipeline Register Optimization | Checksum: 1f72bcf9b

Time (s): cpu = 00:00:06 ; elapsed = 00:00:04 . Memory (MB): peak = 1815.734 ; gain = 0.000
Phase 3 Detail Placement | Checksum: 1f72bcf9b

Time (s): cpu = 00:00:06 ; elapsed = 00:00:04 . Memory (MB): peak = 1815.734 ; gain = 0.000

Phase 4 Post Placement Optimization and Clean-Up

Phase 4.1 Post Commit Optimization
INFO: [Timing 38-35] Done setting XDC timing constraints.

Phase 4.1.1 Post Placement Optimization
Post Placement Optimization Initialization | Checksum: 17c3d03ad

Phase 4.1.1.1 BUFG Insertion

Starting Physical Synthesis Task

Phase 1 Physical Synthesis Initialization
INFO: [Physopt 32-721] Multithreading enabled for phys_opt_design using a maximum of 2 CPUs
INFO: [Physopt 32-619] Estimated Timing Summary | WNS=3.412 | TNS=0.000 |
Phase 1 Physical Synthesis Initialization | Checksum: a20fb038

Time (s): cpu = 00:00:00 ; elapsed = 00:00:00.045 . Memory (MB): peak = 1834.922 ; gain = 0.000
INFO: [Place 46-56] BUFG insertion identified 0 candidate nets. Inserted BUFG: 0, Replicated BUFG Driver: 0, Skipped due to Placement/Routing Conflicts: 0, Skipped due to Timing Degradation: 0, Skipped due to netlist editing failed: 0.
Ending Physical Synthesis Task | Checksum: 1bb85e19d

Time (s): cpu = 00:00:00 ; elapsed = 00:00:00.056 . Memory (MB): peak = 1834.922 ; gain = 0.000
Phase 4.1.1.1 BUFG Insertion | Checksum: 17c3d03ad

Time (s): cpu = 00:00:06 ; elapsed = 00:00:04 . Memory (MB): peak = 1834.922 ; gain = 19.188

Phase 4.1.1.2 Post Placement Timing Optimization
INFO: [Place 30-746] Post Placement Timing Summary WNS=3.412. For the most accurate timing information please run report_timing.
Phase 4.1.1.2 Post Placement Timing Optimization | Checksum: 172d7e73a

Time (s): cpu = 00:00:06 ; elapsed = 00:00:04 . Memory (MB): peak = 1834.922 ; gain = 19.188

Time (s): cpu = 00:00:06 ; elapsed = 00:00:04 . Memory (MB): peak = 1834.922 ; gain = 19.188
Phase 4.1 Post Commit Optimization | Checksum: 172d7e73a

Time (s): cpu = 00:00:06 ; elapsed = 00:00:04 . Memory (MB): peak = 1834.922 ; gain = 19.188

Phase 4.2 Post Placement Cleanup
Phase 4.2 Post Placement Cleanup | Checksum: 172d7e73a

Time (s): cpu = 00:00:06 ; elapsed = 00:00:04 . Memory (MB): peak = 1834.922 ; gain = 19.188

Phase 4.3 Placer Reporting

Phase 4.3.1 Print Estimated Congestion
INFO: [Place 30-612] Post-Placement Estimated Congestion 
 ____________________________________________________
|           | Global Congestion | Short Congestion  |
| Direction | Region Size       | Region Size       |
|___________|___________________|___________________|
|      North|                1x1|                1x1|
|___________|___________________|___________________|
|      South|                1x1|                1x1|
|___________|___________________|___________________|
|       East|                1x1|                1x1|
|___________|___________________|___________________|
|       West|                1x1|                1x1|
|___________|___________________|___________________|

Phase 4.3.1 Print Estimated Congestion | Checksum: 172d7e73a

Time (s): cpu = 00:00:06 ; elapsed = 00:00:04 . Memory (MB): peak = 1834.922 ; gain = 19.188
Phase 4.3 Placer Reporting | Checksum: 172d7e73a

Time (s): cpu = 00:00:06 ; elapsed = 00:00:04 . Memory (MB): peak = 1834.922 ; gain = 19.188

Phase 4.4 Final Placement Cleanup
Netlist sorting complete. Time (s): cpu = 00:00:00 ; elapsed = 00:00:00 . Memory (MB): peak = 1834.922 ; gain = 0.000

Time (s): cpu = 00:00:06 ; elapsed = 00:00:04 . Memory (MB): peak = 1834.922 ; gain = 19.188
Phase 4 Post Placement Optimization and Clean-Up | Checksum: 1731c7620

Time (s): cpu = 00:00:06 ; elapsed = 00:00:04 . Memory (MB): peak = 1834.922 ; gain = 19.188
Ending Placer Task | Checksum: 17042b4d4

Time (s): cpu = 00:00:06 ; elapsed = 00:00:04 . Memory (MB): peak = 1834.922 ; gain = 19.188
64 Infos, 0 Warnings, 0 Critical Warnings and 0 Errors encountered.
place_design completed successfully
place_design: Time (s): cpu = 00:00:10 ; elapsed = 00:00:07 . Memory (MB): peak = 1834.922 ; gain = 19.188
INFO: [Vivado 12-24838] Running report commands "report_control_sets, report_io, report_utilization" in parallel.
Running report generation with 2 threads.
INFO: [Vivado 12-24828] Executing command : report_utilization -file basketball_top_utilization_placed.rpt -pb basketball_top_utilization_placed.pb
INFO: [Vivado 12-24828] Executing command : report_control_sets -verbose -file basketball_top_control_sets_placed.rpt
report_control_sets: Time (s): cpu = 00:00:01 ; elapsed = 00:00:00.006 . Memory (MB): peak = 1834.922 ; gain = 0.000
INFO: [Vivado 12-24828] Executing command : report_io -file basketball_top_io_placed.rpt
report_io: Time (s): cpu = 00:00:01 ; elapsed = 00:00:00.124 . Memory (MB): peak = 1834.922 ; gain = 0.000
INFO: [Timing 38-480] Writing timing data to binary archive.
Write ShapeDB Complete: Time (s): cpu = 00:00:00 ; elapsed = 00:00:00.012 . Memory (MB): peak = 1835.598 ; gain = 0.000
Wrote PlaceDB: Time (s): cpu = 00:00:00 ; elapsed = 00:00:00.193 . Memory (MB): peak = 1835.598 ; gain = 0.000
Wrote PulsedLatchDB: Time (s): cpu = 00:00:00 ; elapsed = 00:00:00 . Memory (MB): peak = 1835.598 ; gain = 0.000
Writing XDEF routing.
Writing XDEF routing logical nets.
Writing XDEF routing special nets.
Wrote RouteStorage: Time (s): cpu = 00:00:00 ; elapsed = 00:00:00.030 . Memory (MB): peak = 1835.598 ; gain = 0.000
Wrote Netlist Cache: Time (s): cpu = 00:00:00 ; elapsed = 00:00:00.007 . Memory (MB): peak = 1835.598 ; gain = 0.000
Wrote Device Cache: Time (s): cpu = 00:00:00 ; elapsed = 00:00:00.026 . Memory (MB): peak = 1835.598 ; gain = 0.000
Write Physdb Complete: Time (s): cpu = 00:00:00 ; elapsed = 00:00:00.268 . Memory (MB): peak = 1835.598 ; gain = 0.000
INFO: [Common 17-1381] The checkpoint 'D:/Term_project/Term_project.runs/impl_1/basketball_top_placed.dcp' has been generated.
Command: phys_opt_design
Attempting to get a license for feature 'Implementation' and/or device 'xc7a75t'
INFO: [Common 17-349] Got license for feature 'Implementation' and/or device 'xc7a75t'

Starting Initial Update Timing Task

Time (s): cpu = 00:00:00 ; elapsed = 00:00:00.181 . Memory (MB): peak = 1835.598 ; gain = 0.000
INFO: [Vivado_Tcl 4-2279] Estimated Timing Summary | WNS= 3.412 | TNS= 0.000 | 
INFO: [Vivado_Tcl 4-383] Design worst setup slack (WNS) is greater than or equal to 0.000 ns. All physical synthesis setup optimizations will be skipped.
INFO: [Vivado_Tcl 4-232] No setup violation found. The netlist was not modified.
INFO: [Common 17-83] Releasing license: Implementation
75 Infos, 0 Warnings, 0 Critical Warnings and 0 Errors encountered.
phys_opt_design completed successfully
INFO: [Timing 38-480] Writing timing data to binary archive.
Write ShapeDB Complete: Time (s): cpu = 00:00:01 ; elapsed = 00:00:00.016 . Memory (MB): peak = 1847.727 ; gain = 0.004
Wrote PlaceDB: Time (s): cpu = 00:00:00 ; elapsed = 00:00:00.149 . Memory (MB): peak = 1847.727 ; gain = 0.000
Wrote PulsedLatchDB: Time (s): cpu = 00:00:00 ; elapsed = 00:00:00 . Memory (MB): peak = 1847.727 ; gain = 0.000
Writing XDEF routing.
Writing XDEF routing logical nets.
Writing XDEF routing special nets.
Wrote RouteStorage: Time (s): cpu = 00:00:00 ; elapsed = 00:00:00.027 . Memory (MB): peak = 1847.727 ; gain = 0.000
Wrote Netlist Cache: Time (s): cpu = 00:00:00 ; elapsed = 00:00:00.003 . Memory (MB): peak = 1847.727 ; gain = 0.000
Wrote Device Cache: Time (s): cpu = 00:00:00 ; elapsed = 00:00:00.015 . Memory (MB): peak = 1847.727 ; gain = 0.000
Write Physdb Complete: Time (s): cpu = 00:00:01 ; elapsed = 00:00:00.207 . Memory (MB): peak = 1847.727 ; gain = 0.000
INFO: [Common 17-1381] The checkpoint 'D:/Term_project/Term_project.runs/impl_1/basketball_top_physopt.dcp' has been generated.
Command: route_design
Attempting to get a license for feature 'Implementation' and/or device 'xc7a75t'
INFO: [Common 17-349] Got license for feature 'Implementation' and/or device 'xc7a75t'


Starting Routing Task
INFO: [Route 35-254] Multithreading enabled for route_design using a maximum of 2 CPUs

Phase 1 Build RT Design
Checksum: PlaceDB: fab7d5f0 ConstDB: 0 ShapeSum: 4a8da5b0 RouteDB: 2afd3934
Post Restoration Checksum: NetGraph: 7e194ce5 | NumContArr: 8bd8c673 | Constraints: c2a8fa9d | Timing: c2a8fa9d
Phase 1 Build RT Design | Checksum: 28f440892

Time (s): cpu = 00:00:56 ; elapsed = 00:00:56 . Memory (MB): peak = 1961.867 ; gain = 114.141

Phase 2 Router Initialization

Phase 2.1 Fix Topology Constraints
Phase 2.1 Fix Topology Constraints | Checksum: 28f440892

Time (s): cpu = 00:00:56 ; elapsed = 00:00:56 . Memory (MB): peak = 1961.867 ; gain = 114.141

Phase 2.2 Pre Route Cleanup
Phase 2.2 Pre Route Cleanup | Checksum: 28f440892

Time (s): cpu = 00:00:56 ; elapsed = 00:00:56 . Memory (MB): peak = 1961.867 ; gain = 114.141
 Number of Nodes with overlaps = 0

Phase 2.3 Update Timing
Phase 2.3 Update Timing | Checksum: 18fa92e8c

Time (s): cpu = 00:00:57 ; elapsed = 00:00:57 . Memory (MB): peak = 2001.645 ; gain = 153.918
INFO: [Route 35-416] Intermediate Timing Summary | WNS=3.553  | TNS=0.000  | WHS=-0.118 | THS=-1.059 |


Phase 2.4 Soft Constraint Pins - Fast Budgeting
Phase 2.4 Soft Constraint Pins - Fast Budgeting | Checksum: 1963f0a82

Time (s): cpu = 00:00:57 ; elapsed = 00:00:58 . Memory (MB): peak = 2025.727 ; gain = 178.000

Router Utilization Summary
  Global Vertical Routing Utilization    = 0.0013927 %
  Global Horizontal Routing Utilization  = 0.00120773 %
  Routable Net Status*
  *Does not include unroutable nets such as driverless and loadless.
  Run report_route_status for detailed report.
  Number of Failed Nets               = 905
    (Failed Nets is the sum of unrouted and partially routed nets)
  Number of Unrouted Nets             = 903
  Number of Partially Routed Nets     = 2
  Number of Node Overlaps             = 0

Phase 2 Router Initialization | Checksum: 1963f0a82

Time (s): cpu = 00:00:58 ; elapsed = 00:00:58 . Memory (MB): peak = 2025.727 ; gain = 178.000

Phase 3 Global Routing
Phase 3 Global Routing | Checksum: 1963f0a82

Time (s): cpu = 00:00:58 ; elapsed = 00:00:58 . Memory (MB): peak = 2025.727 ; gain = 178.000

Phase 4 Initial Routing

Phase 4.1 Initial Net Routing Pass
Phase 4.1 Initial Net Routing Pass | Checksum: 2584986ad

Time (s): cpu = 00:00:58 ; elapsed = 00:00:58 . Memory (MB): peak = 2025.727 ; gain = 178.000
Phase 4 Initial Routing | Checksum: 2584986ad

Time (s): cpu = 00:00:58 ; elapsed = 00:00:58 . Memory (MB): peak = 2025.727 ; gain = 178.000

Phase 5 Rip-up And Reroute

Phase 5.1 Global Iteration 0
 Number of Nodes with overlaps = 41
 Number of Nodes with overlaps = 0
INFO: [Route 35-416] Intermediate Timing Summary | WNS=2.936  | TNS=0.000  | WHS=N/A    | THS=N/A    |

Phase 5.1 Global Iteration 0 | Checksum: 1a880d4e8

Time (s): cpu = 00:00:59 ; elapsed = 00:00:59 . Memory (MB): peak = 2025.727 ; gain = 178.000
Phase 5 Rip-up And Reroute | Checksum: 1a880d4e8

Time (s): cpu = 00:00:59 ; elapsed = 00:00:59 . Memory (MB): peak = 2025.727 ; gain = 178.000

Phase 6 Delay and Skew Optimization

Phase 6.1 Delay CleanUp

Phase 6.1.1 Update Timing
Phase 6.1.1 Update Timing | Checksum: 297f55f38

Time (s): cpu = 00:00:59 ; elapsed = 00:00:59 . Memory (MB): peak = 2025.727 ; gain = 178.000
INFO: [Route 35-416] Intermediate Timing Summary | WNS=2.936  | TNS=0.000  | WHS=N/A    | THS=N/A    |

Phase 6.1 Delay CleanUp | Checksum: 297f55f38

Time (s): cpu = 00:00:59 ; elapsed = 00:00:59 . Memory (MB): peak = 2025.727 ; gain = 178.000

Phase 6.2 Clock Skew Optimization
Phase 6.2 Clock Skew Optimization | Checksum: 297f55f38

Time (s): cpu = 00:00:59 ; elapsed = 00:00:59 . Memory (MB): peak = 2025.727 ; gain = 178.000
Phase 6 Delay and Skew Optimization | Checksum: 297f55f38

Time (s): cpu = 00:00:59 ; elapsed = 00:00:59 . Memory (MB): peak = 2025.727 ; gain = 178.000

Phase 7 Post Hold Fix

Phase 7.1 Hold Fix Iter
INFO: [Route 35-416] Intermediate Timing Summary | WNS=2.936  | TNS=0.000  | WHS=0.164  | THS=0.000  |

Phase 7.1 Hold Fix Iter | Checksum: 1f240d05e

Time (s): cpu = 00:00:59 ; elapsed = 00:00:59 . Memory (MB): peak = 2025.727 ; gain = 178.000
Phase 7 Post Hold Fix | Checksum: 1f240d05e

Time (s): cpu = 00:00:59 ; elapsed = 00:00:59 . Memory (MB): peak = 2025.727 ; gain = 178.000

Phase 8 Route finalize

Router Utilization Summary
  Global Vertical Routing Utilization    = 0.126997 %
  Global Horizontal Routing Utilization  = 0.136189 %
  Routable Net Status*
  *Does not include unroutable nets such as driverless and loadless.
  Run report_route_status for detailed report.
  Number of Failed Nets               = 0
    (Failed Nets is the sum of unrouted and partially routed nets)
  Number of Unrouted Nets             = 0
  Number of Partially Routed Nets     = 0
  Number of Node Overlaps             = 0

Phase 8 Route finalize | Checksum: 1f240d05e

Time (s): cpu = 00:00:59 ; elapsed = 00:00:59 . Memory (MB): peak = 2025.727 ; gain = 178.000

Phase 9 Verifying routed nets

 Verification completed successfully
Phase 9 Verifying routed nets | Checksum: 1f240d05e

Time (s): cpu = 00:00:59 ; elapsed = 00:00:59 . Memory (MB): peak = 2025.727 ; gain = 178.000

Phase 10 Depositing Routes
Phase 10 Depositing Routes | Checksum: 27e90b545

Time (s): cpu = 00:00:59 ; elapsed = 00:00:59 . Memory (MB): peak = 2025.727 ; gain = 178.000

Phase 11 Post Process Routing
Phase 11 Post Process Routing | Checksum: 27e90b545

Time (s): cpu = 00:00:59 ; elapsed = 00:00:59 . Memory (MB): peak = 2025.727 ; gain = 178.000

Phase 12 Post Router Timing
INFO: [Route 35-57] Estimated Timing Summary | WNS=2.936  | TNS=0.000  | WHS=0.164  | THS=0.000  |

INFO: [Route 35-327] The final timing numbers are based on the router estimated timing analysis. For a complete and accurate timing signoff, please run report_timing_summary.
Phase 12 Post Router Timing | Checksum: 27e90b545

Time (s): cpu = 00:00:59 ; elapsed = 00:00:59 . Memory (MB): peak = 2025.727 ; gain = 178.000
Total Elapsed time in route_design: 58.863 secs

Phase 13 Post-Route Event Processing
Phase 13 Post-Route Event Processing | Checksum: 6bb9b419

Time (s): cpu = 00:00:59 ; elapsed = 00:00:59 . Memory (MB): peak = 2025.727 ; gain = 178.000
INFO: [Route 35-16] Router Completed Successfully
Ending Routing Task | Checksum: 6bb9b419

Time (s): cpu = 00:00:59 ; elapsed = 00:00:59 . Memory (MB): peak = 2025.727 ; gain = 178.000

Routing Is Done.
INFO: [Common 17-83] Releasing license: Implementation
87 Infos, 0 Warnings, 0 Critical Warnings and 0 Errors encountered.
route_design completed successfully
route_design: Time (s): cpu = 00:00:59 ; elapsed = 00:00:59 . Memory (MB): peak = 2025.727 ; gain = 178.000
INFO: [Vivado 12-24828] Executing command : report_drc -file basketball_top_drc_routed.rpt -pb basketball_top_drc_routed.pb -rpx basketball_top_drc_routed.rpx
Command: report_drc -file basketball_top_drc_routed.rpt -pb basketball_top_drc_routed.pb -rpx basketball_top_drc_routed.rpx
INFO: [IP_Flow 19-1839] IP Catalog is up to date.
INFO: [DRC 23-27] Running DRC with 2 threads
INFO: [Vivado_Tcl 2-168] The results of DRC are in file D:/Term_project/Term_project.runs/impl_1/basketball_top_drc_routed.rpt.
report_drc completed successfully
report_drc: Time (s): cpu = 00:00:08 ; elapsed = 00:00:05 . Memory (MB): peak = 2025.809 ; gain = 0.082
INFO: [Vivado 12-24828] Executing command : report_methodology -file basketball_top_methodology_drc_routed.rpt -pb basketball_top_methodology_drc_routed.pb -rpx basketball_top_methodology_drc_routed.rpx
Command: report_methodology -file basketball_top_methodology_drc_routed.rpt -pb basketball_top_methodology_drc_routed.pb -rpx basketball_top_methodology_drc_routed.rpx
INFO: [Timing 38-35] Done setting XDC timing constraints.
INFO: [DRC 23-133] Running Methodology with 2 threads
INFO: [Vivado_Tcl 2-1520] The results of Report Methodology are in file D:/Term_project/Term_project.runs/impl_1/basketball_top_methodology_drc_routed.rpt.
report_methodology completed successfully
INFO: [Vivado 12-24828] Executing command : report_timing_summary -max_paths 10 -routable_nets -report_unconstrained -file basketball_top_timing_summary_routed.rpt -pb basketball_top_timing_summary_routed.pb -rpx basketball_top_timing_summary_routed.rpx -warn_on_violation 
INFO: [Timing 38-35] Done setting XDC timing constraints.
INFO: [Timing 38-91] UpdateTimingParams: Speed grade: -1, Delay Type: min_max.
INFO: [Timing 38-191] Multithreading enabled for timing update using a maximum of 2 CPUs
INFO: [Vivado 12-24838] Running report commands "report_incremental_reuse, report_route_status" in parallel.
Running report generation with 2 threads.
INFO: [Vivado 12-24828] Executing command : report_incremental_reuse -file basketball_top_incremental_reuse_routed.rpt
INFO: [Vivado_Tcl 4-1062] Incremental flow is disabled. No incremental reuse Info to report.
INFO: [Vivado 12-24828] Executing command : report_route_status -file basketball_top_route_status.rpt -pb basketball_top_route_status.pb
INFO: [Vivado 12-24828] Executing command : report_power -file basketball_top_power_routed.rpt -pb basketball_top_power_summary_routed.pb -rpx basketball_top_power_routed.rpx
Command: report_power -file basketball_top_power_routed.rpt -pb basketball_top_power_summary_routed.pb -rpx basketball_top_power_routed.rpx
Running Vector-less Activity Propagation...

Finished Running Vector-less Activity Propagation
104 Infos, 0 Warnings, 0 Critical Warnings and 0 Errors encountered.
report_power completed successfully
INFO: [Vivado 12-24828] Executing command : report_clock_utilization -file basketball_top_clock_utilization_routed.rpt
INFO: [Vivado 12-24828] Executing command : report_bus_skew -warn_on_violation -file basketball_top_bus_skew_routed.rpt -pb basketball_top_bus_skew_routed.pb -rpx basketball_top_bus_skew_routed.rpx
INFO: [Timing 38-91] UpdateTimingParams: Speed grade: -1, Delay Type: min_max.
INFO: [Timing 38-191] Multithreading enabled for timing update using a maximum of 2 CPUs
generate_parallel_reports: Time (s): cpu = 00:00:18 ; elapsed = 00:00:11 . Memory (MB): peak = 2058.598 ; gain = 32.871
INFO: [Timing 38-480] Writing timing data to binary archive.
Write ShapeDB Complete: Time (s): cpu = 00:00:00 ; elapsed = 00:00:00.014 . Memory (MB): peak = 2058.598 ; gain = 0.000
Wrote PlaceDB: Time (s): cpu = 00:00:00 ; elapsed = 00:00:00.195 . Memory (MB): peak = 2058.598 ; gain = 0.000
Wrote PulsedLatchDB: Time (s): cpu = 00:00:00 ; elapsed = 00:00:00 . Memory (MB): peak = 2058.598 ; gain = 0.000
Writing XDEF routing.
Writing XDEF routing logical nets.
Writing XDEF routing special nets.
Wrote RouteStorage: Time (s): cpu = 00:00:00 ; elapsed = 00:00:00.055 . Memory (MB): peak = 2058.598 ; gain = 0.000
Wrote Netlist Cache: Time (s): cpu = 00:00:00 ; elapsed = 00:00:00.004 . Memory (MB): peak = 2058.598 ; gain = 0.000
Wrote Device Cache: Time (s): cpu = 00:00:00 ; elapsed = 00:00:00.017 . Memory (MB): peak = 2058.598 ; gain = 0.000
Write Physdb Complete: Time (s): cpu = 00:00:00 ; elapsed = 00:00:00.285 . Memory (MB): peak = 2058.598 ; gain = 0.000
INFO: [Common 17-1381] The checkpoint 'D:/Term_project/Term_project.runs/impl_1/basketball_top_routed.dcp' has been generated.
Command: write_bitstream -force basketball_top.bit
Attempting to get a license for feature 'Implementation' and/or device 'xc7a75t'
INFO: [Common 17-349] Got license for feature 'Implementation' and/or device 'xc7a75t'
Running DRC as a precondition to command write_bitstream
INFO: [IP_Flow 19-1839] IP Catalog is up to date.
INFO: [DRC 23-27] Running DRC with 2 threads
INFO: [Vivado 12-3199] DRC finished with 0 Errors
INFO: [Vivado 12-3200] Please refer to the DRC report (report_drc) for more information.
INFO: [Designutils 20-2272] Running write_bitstream with 2 threads.
Loading data files...
Loading site data...
Loading route data...
Processing options...
Creating bitmap...
Creating bitstream...
Writing bitstream ./basketball_top.bit...
INFO: [Vivado 12-1842] Bitgen Completed Successfully.
INFO: [Project 1-1876] WebTalk data collection is mandatory when using a ULT device. To see the specific WebTalk data collected for your design, open the usage_statistics_webtalk.html or usage_statistics_webtalk.xml file in the implementation directory.
INFO: [Common 17-83] Releasing license: Implementation
119 Infos, 0 Warnings, 0 Critical Warnings and 0 Errors encountered.
write_bitstream completed successfully
write_bitstream: Time (s): cpu = 00:00:47 ; elapsed = 00:00:45 . Memory (MB): peak = 2552.715 ; gain = 494.117
INFO: [Common 17-206] Exiting Vivado at Fri Nov 28 16:13:22 2025...
