
*** Running vivado
    with args -log basketball_top.vds -m64 -product Vivado -mode batch -messageDb vivado.pb -notrace -source basketball_top.tcl



****** Vivado v2025.1 (64-bit)
  **** SW Build 6140274 on Thu May 22 00:12:29 MDT 2025
  **** IP Build 6138677 on Thu May 22 03:10:11 MDT 2025
  **** SharedData Build 6139179 on Tue May 20 17:58:58 MDT 2025
  **** Start of session at: Fri Nov 28 16:08:45 2025
    ** Copyright 1986-2022 Xilinx, Inc. All Rights Reserved.
    ** Copyright 2022-2025 Advanced Micro Devices, Inc. All Rights Reserved.

source basketball_top.tcl -notrace
create_project: Time (s): cpu = 00:00:12 ; elapsed = 00:00:10 . Memory (MB): peak = 492.742 ; gain = 213.266
Command: read_checkpoint -auto_incremental -incremental D:/Term_project/Term_project.srcs/utils_1/imports/synth_1/basketball_top.dcp
INFO: [Vivado 12-5825] Read reference checkpoint from D:/Term_project/Term_project.srcs/utils_1/imports/synth_1/basketball_top.dcp for incremental synthesis
INFO: [Vivado 12-7989] Please ensure there are no constraint changes
Command: synth_design -top basketball_top -part xc7a75tfgg484-1
Starting synth_design
Attempting to get a license for feature 'Synthesis' and/or device 'xc7a75t'
INFO: [Common 17-349] Got license for feature 'Synthesis' and/or device 'xc7a75t'
INFO: [Device 21-403] Loading part xc7a75tfgg484-1
INFO: [Designutils 20-5440] No compile time benefit to using incremental synthesis; A full resynthesis will be run
INFO: [Designutils 20-4379] Flow is switching to default flow due to incremental criteria not met. If you would like to alter this behaviour and have the flow terminate instead, please set the following parameter config_implementation {autoIncr.Synth.RejectBehavior Terminate}
INFO: [Synth 8-7079] Multithreading enabled for synth_design using a maximum of 2 processes.
INFO: [Synth 8-7078] Launching helper process for spawning children vivado processes
INFO: [Synth 8-7075] Helper process launched with PID 27156
---------------------------------------------------------------------------------
Starting RTL Elaboration : Time (s): cpu = 00:00:08 ; elapsed = 00:00:09 . Memory (MB): peak = 1201.027 ; gain = 502.188
---------------------------------------------------------------------------------
INFO: [Synth 8-6157] synthesizing module 'basketball_top' [D:/Term_project/Term_project.srcs/sources_1/new/basketball_top.v:1]
INFO: [Synth 8-6157] synthesizing module 'vga_controller_640_60' [D:/Term_project/Term_project.srcs/sources_1/new/vga_controller.v:3]
INFO: [Synth 8-6155] done synthesizing module 'vga_controller_640_60' (0#1) [D:/Term_project/Term_project.srcs/sources_1/new/vga_controller.v:3]
INFO: [Synth 8-6157] synthesizing module 'basketball_physics' [D:/Term_project/Term_project.srcs/sources_1/new/basketball_physics.v:1]
INFO: [Synth 8-155] case statement is not full and has no default [D:/Term_project/Term_project.srcs/sources_1/new/basketball_physics.v:65]
INFO: [Synth 8-6155] done synthesizing module 'basketball_physics' (0#1) [D:/Term_project/Term_project.srcs/sources_1/new/basketball_physics.v:1]
INFO: [Synth 8-6157] synthesizing module 'basketball_graphics' [D:/Term_project/Term_project.srcs/sources_1/new/basketball_graphics.v:1]
INFO: [Synth 8-6155] done synthesizing module 'basketball_graphics' (0#1) [D:/Term_project/Term_project.srcs/sources_1/new/basketball_graphics.v:1]
INFO: [Synth 8-6157] synthesizing module 'seven_segment' [D:/Term_project/Term_project.srcs/sources_1/new/seven_segment.v:1]
INFO: [Synth 8-6155] done synthesizing module 'seven_segment' (0#1) [D:/Term_project/Term_project.srcs/sources_1/new/seven_segment.v:1]
INFO: [Synth 8-6155] done synthesizing module 'basketball_top' (0#1) [D:/Term_project/Term_project.srcs/sources_1/new/basketball_top.v:1]
---------------------------------------------------------------------------------
Finished RTL Elaboration : Time (s): cpu = 00:00:10 ; elapsed = 00:00:12 . Memory (MB): peak = 1311.738 ; gain = 612.898
---------------------------------------------------------------------------------
---------------------------------------------------------------------------------
Start Handling Custom Attributes
---------------------------------------------------------------------------------
---------------------------------------------------------------------------------
Finished Handling Custom Attributes : Time (s): cpu = 00:00:10 ; elapsed = 00:00:12 . Memory (MB): peak = 1311.738 ; gain = 612.898
---------------------------------------------------------------------------------
---------------------------------------------------------------------------------
Finished RTL Optimization Phase 1 : Time (s): cpu = 00:00:10 ; elapsed = 00:00:12 . Memory (MB): peak = 1311.738 ; gain = 612.898
---------------------------------------------------------------------------------
Netlist sorting complete. Time (s): cpu = 00:00:00 ; elapsed = 00:00:00.013 . Memory (MB): peak = 1311.738 ; gain = 0.000
INFO: [Project 1-570] Preparing netlist for logic optimization

Processing XDC Constraints
Initializing timing engine
Parsing XDC File [D:/Term_project/Term_project.srcs/constrs_1/new/basketball.xdc]
Finished Parsing XDC File [D:/Term_project/Term_project.srcs/constrs_1/new/basketball.xdc]
INFO: [Project 1-236] Implementation specific constraints were found while reading constraint file [D:/Term_project/Term_project.srcs/constrs_1/new/basketball.xdc]. These constraints will be ignored for synthesis but will be used in implementation. Impacted constraints are listed in the file [.Xil/basketball_top_propImpl.xdc].
Resolution: To avoid this warning, move constraints listed in [.Xil/basketball_top_propImpl.xdc] to another XDC file and exclude this new file from synthesis with the used_in_synthesis property (File Properties dialog in GUI) and re-run elaboration/synthesis.
Completed Processing XDC Constraints

Netlist sorting complete. Time (s): cpu = 00:00:00 ; elapsed = 00:00:00.001 . Memory (MB): peak = 1392.785 ; gain = 0.000
INFO: [Project 1-111] Unisim Transformation Summary:
No Unisim elements were transformed.

Constraint Validation Runtime : Time (s): cpu = 00:00:00 ; elapsed = 00:00:00.008 . Memory (MB): peak = 1392.785 ; gain = 0.000
INFO: [Designutils 20-5440] No compile time benefit to using incremental synthesis; A full resynthesis will be run
INFO: [Designutils 20-4379] Flow is switching to default flow due to incremental criteria not met. If you would like to alter this behaviour and have the flow terminate instead, please set the following parameter config_implementation {autoIncr.Synth.RejectBehavior Terminate}
---------------------------------------------------------------------------------
Finished Constraint Validation : Time (s): cpu = 00:00:22 ; elapsed = 00:00:26 . Memory (MB): peak = 1392.785 ; gain = 693.945
---------------------------------------------------------------------------------
---------------------------------------------------------------------------------
Start Loading Part and Timing Information
---------------------------------------------------------------------------------
Loading part: xc7a75tfgg484-1
---------------------------------------------------------------------------------
Finished Loading Part and Timing Information : Time (s): cpu = 00:00:22 ; elapsed = 00:00:26 . Memory (MB): peak = 1392.785 ; gain = 693.945
---------------------------------------------------------------------------------
---------------------------------------------------------------------------------
Start Applying 'set_property' XDC Constraints
---------------------------------------------------------------------------------
---------------------------------------------------------------------------------
Finished applying 'set_property' XDC Constraints : Time (s): cpu = 00:00:22 ; elapsed = 00:00:26 . Memory (MB): peak = 1392.785 ; gain = 693.945
---------------------------------------------------------------------------------
INFO: [Synth 8-802] inferred FSM for state register 'state_reg' in module 'basketball_physics'
---------------------------------------------------------------------------------------------------
                   State |                     New Encoding |                Previous Encoding 
---------------------------------------------------------------------------------------------------
                  S_IDLE |                               00 |                               00
                S_FLYING |                               01 |                               01
                S_SCORED |                               10 |                               10
---------------------------------------------------------------------------------------------------
INFO: [Synth 8-3354] encoded FSM with state register 'state_reg' using encoding 'sequential' in module 'basketball_physics'
---------------------------------------------------------------------------------
Finished RTL Optimization Phase 2 : Time (s): cpu = 00:00:22 ; elapsed = 00:00:27 . Memory (MB): peak = 1392.785 ; gain = 693.945
---------------------------------------------------------------------------------
---------------------------------------------------------------------------------
Start RTL Component Statistics 
---------------------------------------------------------------------------------
Detailed RTL Component Info : 
+---Adders : 
	   2 Input   32 Bit       Adders := 6     
	   3 Input   32 Bit       Adders := 2     
	   3 Input   13 Bit       Adders := 2     
	   2 Input   11 Bit       Adders := 3     
	   2 Input    7 Bit       Adders := 2     
	   2 Input    5 Bit       Adders := 2     
	   2 Input    4 Bit       Adders := 3     
	   2 Input    2 Bit       Adders := 1     
	   2 Input    1 Bit       Adders := 1     
+---Registers : 
	               32 Bit    Registers := 4     
	               11 Bit    Registers := 2     
	                7 Bit    Registers := 1     
	                4 Bit    Registers := 3     
	                3 Bit    Registers := 1     
	                2 Bit    Registers := 1     
	                1 Bit    Registers := 11    
+---Multipliers : 
	               5x32  Multipliers := 2     
+---Muxes : 
	   2 Input   32 Bit        Muxes := 7     
	   3 Input   32 Bit        Muxes := 4     
	   6 Input    4 Bit        Muxes := 1     
	   5 Input    4 Bit        Muxes := 2     
	   2 Input    4 Bit        Muxes := 2     
	   3 Input    3 Bit        Muxes := 1     
	   2 Input    2 Bit        Muxes := 5     
	   3 Input    2 Bit        Muxes := 1     
	   2 Input    1 Bit        Muxes := 12    
	   3 Input    1 Bit        Muxes := 7     
---------------------------------------------------------------------------------
Finished RTL Component Statistics 
---------------------------------------------------------------------------------
---------------------------------------------------------------------------------
Start Part Resource Summary
---------------------------------------------------------------------------------
Part Resources:
DSPs: 180 (col length:80)
BRAMs: 210 (col length: RAMB18 80 RAMB36 40)
---------------------------------------------------------------------------------
Finished Part Resource Summary
---------------------------------------------------------------------------------
---------------------------------------------------------------------------------
Start Cross Boundary and Area Optimization
---------------------------------------------------------------------------------
WARNING: [Synth 8-7080] Parallel synthesis criteria is not met
DSP Report: Generating DSP i_vel_y0, operation Mode is: (A:0x1ffff)*B.
DSP Report: operator i_vel_y0 is absorbed into DSP i_vel_y0.
DSP Report: operator i_vel_y0 is absorbed into DSP i_vel_y0.
DSP Report: Generating DSP i_vel_y0, operation Mode is: (PCIN>>17)+A*B.
DSP Report: operator i_vel_y0 is absorbed into DSP i_vel_y0.
DSP Report: operator i_vel_y0 is absorbed into DSP i_vel_y0.
DSP Report: Generating DSP i_vel_x0, operation Mode is: (A:0x1ffff)*B.
DSP Report: operator i_vel_x0 is absorbed into DSP i_vel_x0.
DSP Report: operator i_vel_x0 is absorbed into DSP i_vel_x0.
DSP Report: Generating DSP i_vel_x0, operation Mode is: (PCIN>>17)+A*B.
DSP Report: operator i_vel_x0 is absorbed into DSP i_vel_x0.
DSP Report: operator i_vel_x0 is absorbed into DSP i_vel_x0.
---------------------------------------------------------------------------------
Finished Cross Boundary and Area Optimization : Time (s): cpu = 00:00:30 ; elapsed = 00:00:36 . Memory (MB): peak = 1417.844 ; gain = 719.004
---------------------------------------------------------------------------------
 Sort Area is  i_vel_x0_0 : 0 0 : 379 1422 : Used 1 time 0
 Sort Area is  i_vel_x0_0 : 0 1 : 1043 1422 : Used 1 time 0
 Sort Area is  i_vel_y0_3 : 0 0 : 379 1422 : Used 1 time 0
 Sort Area is  i_vel_y0_3 : 0 1 : 1043 1422 : Used 1 time 0
---------------------------------------------------------------------------------
Start ROM, RAM, DSP, Shift Register and Retiming Reporting
---------------------------------------------------------------------------------

DSP: Preliminary Mapping Report (see note below. The ' indicates corresponding REG is set)
+-------------------+----------------+--------+--------+--------+--------+--------+------+------+------+------+-------+------+------+
|Module Name        | DSP Mapping    | A Size | B Size | C Size | D Size | P Size | AREG | BREG | CREG | DREG | ADREG | MREG | PREG | 
+-------------------+----------------+--------+--------+--------+--------+--------+------+------+------+------+-------+------+------+
|basketball_physics | (A:0x1ffff)*B  | 18     | 6      | -      | -      | 48     | 0    | 0    | -    | -    | -     | 0    | 0    | 
|basketball_physics | (PCIN>>17)+A*B | 16     | 6      | -      | -      | 48     | 0    | 0    | -    | -    | -     | 0    | 0    | 
|basketball_physics | (A:0x1ffff)*B  | 18     | 6      | -      | -      | 48     | 0    | 0    | -    | -    | -     | 0    | 0    | 
|basketball_physics | (PCIN>>17)+A*B | 16     | 6      | -      | -      | 48     | 0    | 0    | -    | -    | -     | 0    | 0    | 
+-------------------+----------------+--------+--------+--------+--------+--------+------+------+------+------+-------+------+------+

Note: The table above is a preliminary report that shows the DSPs inferred at the current stage of the synthesis flow. Some DSP may be reimplemented as non DSP primitives later in the synthesis flow. Multiple instantiated DSPs are reported only once.
---------------------------------------------------------------------------------
Finished ROM, RAM, DSP, Shift Register and Retiming Reporting
---------------------------------------------------------------------------------
---------------------------------------------------------------------------------
Start Applying XDC Timing Constraints
---------------------------------------------------------------------------------
---------------------------------------------------------------------------------
Finished Applying XDC Timing Constraints : Time (s): cpu = 00:00:43 ; elapsed = 00:00:50 . Memory (MB): peak = 1581.254 ; gain = 882.414
---------------------------------------------------------------------------------
---------------------------------------------------------------------------------
Start Timing Optimization
---------------------------------------------------------------------------------
---------------------------------------------------------------------------------
Finished Timing Optimization : Time (s): cpu = 00:00:47 ; elapsed = 00:00:54 . Memory (MB): peak = 1640.738 ; gain = 941.898
---------------------------------------------------------------------------------
---------------------------------------------------------------------------------
Start Technology Mapping
---------------------------------------------------------------------------------
---------------------------------------------------------------------------------
Finished Technology Mapping : Time (s): cpu = 00:00:47 ; elapsed = 00:00:55 . Memory (MB): peak = 1640.738 ; gain = 941.898
---------------------------------------------------------------------------------
---------------------------------------------------------------------------------
Start IO Insertion
---------------------------------------------------------------------------------
---------------------------------------------------------------------------------
Start Flattening Before IO Insertion
---------------------------------------------------------------------------------
---------------------------------------------------------------------------------
Finished Flattening Before IO Insertion
---------------------------------------------------------------------------------
---------------------------------------------------------------------------------
Start Final Netlist Cleanup
---------------------------------------------------------------------------------
---------------------------------------------------------------------------------
Finished Final Netlist Cleanup
---------------------------------------------------------------------------------
---------------------------------------------------------------------------------
Finished IO Insertion : Time (s): cpu = 00:00:54 ; elapsed = 00:01:02 . Memory (MB): peak = 1843.863 ; gain = 1145.023
---------------------------------------------------------------------------------
---------------------------------------------------------------------------------
Start Renaming Generated Instances
---------------------------------------------------------------------------------
---------------------------------------------------------------------------------
Finished Renaming Generated Instances : Time (s): cpu = 00:00:54 ; elapsed = 00:01:02 . Memory (MB): peak = 1843.863 ; gain = 1145.023
---------------------------------------------------------------------------------
---------------------------------------------------------------------------------
Start Rebuilding User Hierarchy
---------------------------------------------------------------------------------
---------------------------------------------------------------------------------
Finished Rebuilding User Hierarchy : Time (s): cpu = 00:00:54 ; elapsed = 00:01:03 . Memory (MB): peak = 1843.863 ; gain = 1145.023
---------------------------------------------------------------------------------
---------------------------------------------------------------------------------
Start Renaming Generated Ports
---------------------------------------------------------------------------------
---------------------------------------------------------------------------------
Finished Renaming Generated Ports : Time (s): cpu = 00:00:54 ; elapsed = 00:01:03 . Memory (MB): peak = 1843.863 ; gain = 1145.023
---------------------------------------------------------------------------------
---------------------------------------------------------------------------------
Start Handling Custom Attributes
---------------------------------------------------------------------------------
---------------------------------------------------------------------------------
Finished Handling Custom Attributes : Time (s): cpu = 00:00:54 ; elapsed = 00:01:03 . Memory (MB): peak = 1843.863 ; gain = 1145.023
---------------------------------------------------------------------------------
---------------------------------------------------------------------------------
Start Renaming Generated Nets
---------------------------------------------------------------------------------
---------------------------------------------------------------------------------
Finished Renaming Generated Nets : Time (s): cpu = 00:00:54 ; elapsed = 00:01:03 . Memory (MB): peak = 1843.863 ; gain = 1145.023
---------------------------------------------------------------------------------
---------------------------------------------------------------------------------
Start Writing Synthesis Report
---------------------------------------------------------------------------------

DSP Final Report (the ' indicates corresponding REG is set)
+-------------------+--------------+--------+--------+--------+--------+--------+------+------+------+------+-------+------+------+
|Module Name        | DSP Mapping  | A Size | B Size | C Size | D Size | P Size | AREG | BREG | CREG | DREG | ADREG | MREG | PREG | 
+-------------------+--------------+--------+--------+--------+--------+--------+------+------+------+------+-------+------+------+
|basketball_physics | A*B          | 17     | 5      | -      | -      | 48     | 0    | 0    | -    | -    | -     | 0    | 0    | 
|basketball_physics | PCIN>>17+A*B | 15     | 5      | -      | -      | 48     | 0    | 0    | -    | -    | -     | 0    | 0    | 
|basketball_physics | A*B          | 17     | 5      | -      | -      | 48     | 0    | 0    | -    | -    | -     | 0    | 0    | 
|basketball_physics | PCIN>>17+A*B | 15     | 5      | -      | -      | 48     | 0    | 0    | -    | -    | -     | 0    | 0    | 
+-------------------+--------------+--------+--------+--------+--------+--------+------+------+------+------+-------+------+------+


Report BlackBoxes: 
+-+--------------+----------+
| |BlackBox name |Instances |
+-+--------------+----------+
+-+--------------+----------+

Report Cell Usage: 
+------+--------+------+
|      |Cell    |Count |
+------+--------+------+
|1     |BUFG    |     1|
|2     |CARRY4  |   124|
|3     |DSP48E1 |     4|
|4     |LUT1    |    80|
|5     |LUT2    |   545|
|6     |LUT3    |    60|
|7     |LUT4    |    65|
|8     |LUT5    |    34|
|9     |LUT6    |   183|
|10    |FDCE    |   176|
|11    |FDPE    |     9|
|12    |FDRE    |    25|
|13    |FDSE    |     1|
|14    |IBUF    |     7|
|15    |OBUF    |    30|
+------+--------+------+
---------------------------------------------------------------------------------
Finished Writing Synthesis Report : Time (s): cpu = 00:00:54 ; elapsed = 00:01:03 . Memory (MB): peak = 1843.863 ; gain = 1145.023
---------------------------------------------------------------------------------
Synthesis finished with 0 errors, 0 critical warnings and 1 warnings.
Synthesis Optimization Runtime : Time (s): cpu = 00:00:42 ; elapsed = 00:01:00 . Memory (MB): peak = 1843.863 ; gain = 1063.977
Synthesis Optimization Complete : Time (s): cpu = 00:00:55 ; elapsed = 00:01:03 . Memory (MB): peak = 1843.863 ; gain = 1145.023
INFO: [Project 1-571] Translating synthesized netlist
Netlist sorting complete. Time (s): cpu = 00:00:00 ; elapsed = 00:00:00.020 . Memory (MB): peak = 1853.078 ; gain = 0.000
INFO: [Netlist 29-17] Analyzing 128 Unisim elements for replacement
INFO: [Netlist 29-28] Unisim Transformation completed in 0 CPU seconds
INFO: [Project 1-570] Preparing netlist for logic optimization
INFO: [Opt 31-138] Pushed 0 inverter(s) to 0 load pin(s).
Netlist sorting complete. Time (s): cpu = 00:00:00 ; elapsed = 00:00:00.001 . Memory (MB): peak = 1856.719 ; gain = 0.000
INFO: [Project 1-111] Unisim Transformation Summary:
No Unisim elements were transformed.

Synth Design complete | Checksum: be9debc4
INFO: [Common 17-83] Releasing license: Synthesis
34 Infos, 1 Warnings, 0 Critical Warnings and 0 Errors encountered.
synth_design completed successfully
synth_design: Time (s): cpu = 00:01:01 ; elapsed = 00:01:14 . Memory (MB): peak = 1856.719 ; gain = 1359.918
Write ShapeDB Complete: Time (s): cpu = 00:00:00 ; elapsed = 00:00:00.022 . Memory (MB): peak = 1856.719 ; gain = 0.000
INFO: [Common 17-1381] The checkpoint 'D:/Term_project/Term_project.runs/synth_1/basketball_top.dcp' has been generated.
INFO: [Vivado 12-24828] Executing command : report_utilization -file basketball_top_utilization_synth.rpt -pb basketball_top_utilization_synth.pb
INFO: [Common 17-206] Exiting Vivado at Fri Nov 28 16:10:16 2025...
